nohup: ignoring input
2026-02-18 22:56:52,180 - views_counter - INFO - Checking dongguk...
2026-02-18 22:56:55,322 - views_counter - INFO - Checking dongdae_urgent...
2026-02-18 22:56:58,019 - views_counter - INFO - Checking feminism...
2026-02-18 22:56:59,529 - views_counter - WARNING -   -> HTTP 404
2026-02-18 22:57:00,030 - views_counter - INFO - Checking seoul national...
2026-02-18 22:57:01,662 - views_counter - WARNING -   -> HTTP 404
2026-02-18 22:57:02,163 - views_counter - INFO - Checking korea...
2026-02-18 22:57:03,602 - views_counter - WARNING -   -> HTTP 404
2026-02-18 22:57:04,103 - views_counter - INFO - Checking chungang...
2026-02-18 22:57:06,910 - views_counter - INFO - Checking hongik...
2026-02-18 22:57:08,523 - views_counter - WARNING -   -> HTTP 404
2026-02-18 22:57:09,024 - views_counter - INFO - Checking hanyang...
2026-02-18 22:57:10,557 - views_counter - WARNING -   -> HTTP 404
2026-02-18 22:57:11,058 - views_counter - INFO - Checking k-arts...
2026-02-18 22:57:12,326 - views_counter - WARNING -   -> HTTP 404
2026-02-18 22:57:12,827 - views_counter - INFO - Checking yonsei...
2026-02-18 22:57:14,156 - views_counter - WARNING -   -> HTTP 404
2026-02-18 22:57:14,656 - views_counter - INFO - Checking sungyunkwan...
2026-02-18 22:57:15,880 - views_counter - WARNING -   -> HTTP 404
2026-02-18 22:57:16,381 - views_counter - INFO - Checking kyunghee...
2026-02-18 22:57:17,943 - views_counter - WARNING -   -> HTTP 404
2026-02-18 22:57:18,444 - views_counter - INFO - Checking sogang...
2026-02-18 22:57:21,089 - views_counter - INFO - Checking ewha...
2026-02-18 22:57:22,738 - views_counter - WARNING -   -> HTTP 404
2026-02-18 22:57:23,240 - views_counter - INFO - Checking seoul municipal...
2026-02-18 22:57:24,690 - views_counter - WARNING -   -> HTTP 404
2026-02-18 22:57:25,191 - views_counter - INFO - Checking hufs...
2026-02-18 22:57:26,644 - views_counter - WARNING -   -> HTTP 404
2026-02-18 22:57:27,145 - views_counter - INFO - Checking konkuk...
2026-02-18 22:57:28,594 - views_counter - WARNING -   -> HTTP 404
2026-02-18 22:57:29,095 - views_counter - INFO - Checking sejong...
2026-02-18 22:57:30,593 - views_counter - WARNING -   -> HTTP 404
2026-02-18 22:57:31,094 - views_counter - INFO - Checking dongdeok womens...
2026-02-18 22:57:32,464 - views_counter - WARNING -   -> HTTP 404
2026-02-18 22:57:32,965 - views_counter - INFO - Checking sungshin womens...
2026-02-18 22:57:34,432 - views_counter - WARNING -   -> HTTP 404
2026-02-18 22:57:34,934 - views_counter - INFO - Checking duksung...
2026-02-18 22:57:36,183 - views_counter - WARNING -   -> HTTP 404
2026-02-18 22:57:36,684 - views_counter - INFO - Checking sookmyung womens...
2026-02-18 22:57:38,226 - views_counter - WARNING -   -> HTTP 404
2026-02-18 22:57:38,727 - views_counter - INFO - Checking seoul women's uni...
2026-02-18 22:57:40,067 - views_counter - WARNING -   -> HTTP 404
2026-02-18 22:57:40,568 - views_counter - INFO - Checking suwon womens uni...
2026-02-18 22:57:43,029 - views_counter - INFO - Checking university students...
2026-02-18 22:57:45,761 - views_counter - INFO - Checking antifeminism...
2026-02-18 22:57:47,314 - views_counter - WARNING -   -> HTTP 404
2026-02-18 22:57:47,815 - views_counter - INFO - Checking dongguk_witnesses...
2026-02-18 22:57:50,622 - views_counter - INFO - Checking dongguk_crisis...
2026-02-18 22:57:53,481 - views_counter - INFO - Checking dongguk_racial...
2026-02-18 22:57:55,932 - views_counter - INFO - Checking snu_sex_traffic...
2026-02-18 22:57:57,565 - views_counter - WARNING -   -> HTTP 404
2026-02-18 22:57:58,066 - views_counter - INFO - Checking korea_sex_traffic...
2026-02-18 22:57:59,549 - views_counter - WARNING -   -> HTTP 404
2026-02-18 22:58:00,050 - views_counter - INFO - Checking uos_sex_traffic...
2026-02-18 22:58:01,457 - views_counter - WARNING -   -> HTTP 404
2026-02-18 22:58:01,958 - views_counter - INFO - Checking feminism_traffic...
2026-02-18 22:58:04,978 - views_counter - INFO - Checking karts_sex_traffic...
2026-02-18 22:58:06,582 - views_counter - WARNING -   -> HTTP 404
2026-02-18 22:58:07,083 - views_counter - INFO - Checking skku_sex_traffic_1...
2026-02-18 22:58:08,530 - views_counter - WARNING -   -> HTTP 404
2026-02-18 22:58:09,031 - views_counter - INFO - Checking sejong_sex_traffic_2...
2026-02-18 22:58:10,353 - views_counter - WARNING -   -> HTTP 404
2026-02-18 22:58:10,854 - views_counter - INFO - Checking hanyang_sex_traffic_3...
2026-02-18 22:58:12,353 - views_counter - WARNING -   -> HTTP 404
2026-02-18 22:58:12,854 - views_counter - INFO - Checking kyunghee_sex_traffic...
2026-02-18 22:58:14,366 - views_counter - WARNING -   -> HTTP 404
2026-02-18 22:58:14,867 - views_counter - INFO - Checking dongguk_sex_traffic...
2026-02-18 22:58:17,672 - views_counter - INFO - Checking dongduk_sex_traffic...
2026-02-18 22:58:19,281 - views_counter - WARNING -   -> HTTP 404
2026-02-18 22:58:19,781 - views_counter - INFO - Checking hongik_sex_traffic...
2026-02-18 22:58:21,330 - views_counter - WARNING -   -> HTTP 404
2026-02-18 22:58:21,831 - views_counter - INFO - Checking cau_sex_traffic...
2026-02-18 22:58:23,479 - views_counter - WARNING -   -> HTTP 404
2026-02-18 22:58:23,980 - views_counter - INFO - Checking yonsei_sex_traffic...
2026-02-18 22:58:25,444 - views_counter - WARNING -   -> HTTP 404
2026-02-18 22:58:25,945 - views_counter - INFO - Checking sogang_sex_traffic...
2026-02-18 22:58:28,630 - views_counter - INFO - Checking hufs_sex_traffic...
2026-02-18 22:58:30,095 - views_counter - WARNING -   -> HTTP 404
2026-02-18 22:58:30,596 - views_counter - INFO - Checking konkuk_sex_traffic...
2026-02-18 22:58:31,880 - views_counter - WARNING -   -> HTTP 404
2026-02-18 22:58:32,381 - views_counter - INFO - Checking sungshin_sex_traffic...
2026-02-18 22:58:34,123 - views_counter - WARNING -   -> HTTP 404
2026-02-18 22:58:34,624 - views_counter - INFO - Checking duksung_sex_traffic...
2026-02-18 22:58:36,087 - views_counter - WARNING -   -> HTTP 404
2026-02-18 22:58:36,588 - views_counter - INFO - Checking sookmyung_sex_traffic...
2026-02-18 22:58:38,131 - views_counter - WARNING -   -> HTTP 404
2026-02-18 22:58:38,632 - views_counter - INFO - Checking swu_sex_traffic...
2026-02-18 22:58:40,157 - views_counter - WARNING -   -> HTTP 404
2026-02-18 22:58:40,658 - views_counter - INFO - Checking suwon_womens_sex_traffic...
2026-02-18 22:58:43,298 - views_counter - INFO - Checking univ_sex_traffic...
2026-02-18 22:58:45,795 - views_counter - INFO - Checking ewha_sex_traffic...
2026-02-18 22:58:47,313 - views_counter - WARNING -   -> HTTP 404
2026-02-18 22:58:47,814 - views_counter - INFO - Checking dongdeok_womens_faculty_firing...
2026-02-18 22:58:49,171 - views_counter - WARNING -   -> HTTP 404
2026-02-18 22:58:49,672 - views_counter - INFO - Checking seoul_national_faculty_firing...
2026-02-18 22:58:51,134 - views_counter - WARNING -   -> HTTP 404
2026-02-18 22:58:51,635 - views_counter - INFO - Checking dongguk_faculty_firing...
2026-02-18 22:58:54,550 - views_counter - INFO - Checking chungang_faculty_firing...
2026-02-18 22:58:57,673 - views_counter - INFO - Checking k_arts_faculty_firing...
2026-02-18 22:58:59,009 - views_counter - WARNING -   -> HTTP 404
2026-02-18 22:58:59,510 - views_counter - INFO - Checking yonsei_faculty_firing...
2026-02-18 22:59:00,950 - views_counter - WARNING -   -> HTTP 404
2026-02-18 22:59:01,451 - views_counter - INFO - Checking sejong_faculty_firing...
2026-02-18 22:59:03,023 - views_counter - WARNING -   -> HTTP 404
2026-02-18 22:59:03,524 - views_counter - INFO - Checking kyunghee_faculty_firing...
2026-02-18 22:59:05,041 - views_counter - WARNING -   -> HTTP 404
2026-02-18 22:59:05,543 - views_counter - INFO - Checking duksung_faculty_firing...
2026-02-18 22:59:07,006 - views_counter - WARNING -   -> HTTP 404
2026-02-18 22:59:07,507 - views_counter - INFO - Checking feminism_faculty_firing...
2026-02-18 22:59:10,262 - views_counter - INFO - Checking hufs_faculty_firing...
2026-02-18 22:59:11,709 - views_counter - WARNING -   -> HTTP 404
2026-02-18 22:59:12,210 - views_counter - INFO - Checking konkuk_faculty_firing...
2026-02-18 22:59:13,735 - views_counter - WARNING -   -> HTTP 404
2026-02-18 22:59:14,236 - views_counter - INFO - Checking hongik_faculty_firing...
2026-02-18 22:59:15,464 - views_counter - WARNING -   -> HTTP 404
2026-02-18 22:59:15,965 - views_counter - INFO - Checking hanyang_faculty_firing...
2026-02-18 22:59:17,428 - views_counter - WARNING -   -> HTTP 404
2026-02-18 22:59:17,929 - views_counter - INFO - Checking sungyunkwan_faculty_firing...
2026-02-18 22:59:19,486 - views_counter - WARNING -   -> HTTP 404
2026-02-18 22:59:19,987 - views_counter - INFO - Checking sogang_faculty_firing...
2026-02-18 22:59:22,833 - views_counter - INFO - Checking ewha_faculty_firing...
2026-02-18 22:59:24,300 - views_counter - WARNING -   -> HTTP 404
2026-02-18 22:59:24,801 - views_counter - INFO - Checking seoul_municipal_faculty_firing...
2026-02-18 22:59:26,268 - views_counter - WARNING -   -> HTTP 404
2026-02-18 22:59:26,769 - views_counter - INFO - Checking sungshin_womens_faculty_firing...
2026-02-18 22:59:28,208 - views_counter - WARNING -   -> HTTP 404
2026-02-18 22:59:28,709 - views_counter - INFO - Checking sookmyung_womens_faculty_firing...
2026-02-18 22:59:30,237 - views_counter - WARNING -   -> HTTP 404
2026-02-18 22:59:30,738 - views_counter - INFO - Checking seoul_womens_uni_faculty_firing...
2026-02-18 22:59:32,181 - views_counter - WARNING -   -> HTTP 404
2026-02-18 22:59:32,682 - views_counter - INFO - Checking suwon_womens_uni_faculty_firing...
2026-02-18 22:59:35,493 - views_counter - INFO - Checking university_students_faculty_firing...
2026-02-18 22:59:38,219 - views_counter - INFO - Checking dongdeok_womens_defamation_law...
2026-02-18 22:59:39,752 - views_counter - WARNING -   -> HTTP 404
2026-02-18 22:59:40,253 - views_counter - INFO - Checking chungang_defamation_law...
2026-02-18 22:59:41,697 - views_counter - WARNING -   -> HTTP 404
2026-02-18 22:59:42,198 - views_counter - INFO - Checking sungyunkwan_defamation_law...
2026-02-18 22:59:43,674 - views_counter - WARNING -   -> HTTP 404
2026-02-18 22:59:44,175 - views_counter - INFO - Checking dongguk_defamation_law...
2026-02-18 22:59:46,963 - views_counter - INFO - Checking sejong_defamation_law...
2026-02-18 22:59:48,432 - views_counter - WARNING -   -> HTTP 404
2026-02-18 22:59:48,934 - views_counter - INFO - Checking hongik_defamation_law...
2026-02-18 22:59:50,555 - views_counter - WARNING -   -> HTTP 404
2026-02-18 22:59:51,056 - views_counter - INFO - Checking hanyang_defamation_law...
2026-02-18 22:59:52,505 - views_counter - WARNING -   -> HTTP 404
2026-02-18 22:59:53,007 - views_counter - INFO - Checking korea_defamation_law...
2026-02-18 22:59:54,443 - views_counter - WARNING -   -> HTTP 404
2026-02-18 22:59:54,944 - views_counter - INFO - Checking university_students_defamation_law...
2026-02-18 22:59:57,483 - views_counter - INFO - Checking hufs_defamation_law...
2026-02-18 22:59:58,929 - views_counter - WARNING -   -> HTTP 404
2026-02-18 22:59:59,436 - views_counter - INFO - Checking feminism_defamation_law...
2026-02-18 23:00:02,112 - views_counter - INFO - Checking seoul_municipal_defamation_law...
2026-02-18 23:00:03,554 - views_counter - WARNING -   -> HTTP 404
2026-02-18 23:00:04,056 - views_counter - INFO - Checking k_arts_defamation_law...
2026-02-18 23:00:05,571 - views_counter - WARNING -   -> HTTP 404
2026-02-18 23:00:06,073 - views_counter - INFO - Checking kyunghee_defamation_law...
2026-02-18 23:00:07,707 - views_counter - WARNING -   -> HTTP 404
2026-02-18 23:00:08,208 - views_counter - INFO - Checking sogang_defamation_law...
2026-02-18 23:00:11,099 - views_counter - INFO - Checking sookmyung_womens_defamation_law...
2026-02-18 23:00:12,540 - views_counter - WARNING -   -> HTTP 404
2026-02-18 23:00:13,041 - views_counter - INFO - Checking suwon_womens_uni_defamation_law...
2026-02-18 23:00:15,716 - views_counter - INFO - Checking duksung_defamation_law...
2026-02-18 23:00:17,021 - views_counter - WARNING -   -> HTTP 404
2026-02-18 23:00:17,522 - views_counter - INFO - Checking seoul_national_defamation_law...
2026-02-18 23:00:19,078 - views_counter - WARNING -   -> HTTP 404
2026-02-18 23:00:19,579 - views_counter - INFO - Checking seoul_womens_uni_defamation_law...
2026-02-18 23:00:21,021 - views_counter - WARNING -   -> HTTP 404
2026-02-18 23:00:21,523 - views_counter - INFO - Checking yonsei_defamation_law...
2026-02-18 23:00:23,000 - views_counter - WARNING -   -> HTTP 404
2026-02-18 23:00:23,501 - views_counter - INFO - Checking sungshin_womens_defamation_law...
2026-02-18 23:00:24,947 - views_counter - WARNING -   -> HTTP 404
2026-02-18 23:00:25,448 - views_counter - INFO - Checking konkuk_defamation_law...
2026-02-18 23:00:26,850 - views_counter - WARNING -   -> HTTP 404
2026-02-18 23:00:27,351 - views_counter - INFO - Checking seoul_national_military_lgbt...
2026-02-18 23:00:28,907 - views_counter - WARNING -   -> HTTP 404
2026-02-18 23:00:29,408 - views_counter - INFO - Checking sungyunkwan_military_lgbt...
2026-02-18 23:00:31,104 - views_counter - WARNING -   -> HTTP 404
2026-02-18 23:00:31,605 - views_counter - INFO - Checking dongguk_military_lgbt...
2026-02-18 23:00:33,048 - views_counter - WARNING -   -> HTTP 404
2026-02-18 23:00:33,549 - views_counter - INFO - Checking dongdeok_womens_military_lgbt...
2026-02-18 23:00:34,810 - views_counter - WARNING -   -> HTTP 404
2026-02-18 23:00:35,312 - views_counter - INFO - Checking sogang_military_lgbt...
2026-02-18 23:00:36,591 - views_counter - WARNING -   -> HTTP 404
2026-02-18 23:00:37,092 - views_counter - INFO - Checking seoul_municipal_military_lgbt...
2026-02-18 23:00:38,547 - views_counter - WARNING -   -> HTTP 404
2026-02-18 23:00:39,048 - views_counter - INFO - Checking duksung_military_lgbt...
2026-02-18 23:00:40,487 - views_counter - WARNING -   -> HTTP 404
2026-02-18 23:00:40,988 - views_counter - INFO - Checking yonsei_military_lgbt...
2026-02-18 23:00:42,452 - views_counter - WARNING -   -> HTTP 404
2026-02-18 23:00:42,953 - views_counter - INFO - Checking chungang_military_lgbt...
2026-02-18 23:00:44,394 - views_counter - WARNING -   -> HTTP 404
2026-02-18 23:00:44,895 - views_counter - INFO - Checking hufs_military_lgbt...
2026-02-18 23:00:46,124 - views_counter - WARNING -   -> HTTP 404
2026-02-18 23:00:46,625 - views_counter - INFO - Checking k_arts_military_lgbt...
2026-02-18 23:00:48,215 - views_counter - WARNING -   -> HTTP 404
2026-02-18 23:00:48,716 - views_counter - INFO - Checking korea_military_lgbt...
2026-02-18 23:00:50,319 - views_counter - WARNING -   -> HTTP 404
2026-02-18 23:00:50,820 - views_counter - INFO - Checking university_students_military_lgbt...
2026-02-18 23:00:52,456 - views_counter - WARNING -   -> HTTP 404
2026-02-18 23:00:52,957 - views_counter - INFO - Checking sejong_military_lgbt...
2026-02-18 23:00:54,509 - views_counter - WARNING -   -> HTTP 404
2026-02-18 23:00:55,010 - views_counter - INFO - Checking kyunghee_military_lgbt...
2026-02-18 23:00:56,668 - views_counter - WARNING -   -> HTTP 404
2026-02-18 23:00:57,169 - views_counter - INFO - Checking seoul_womens_uni_military_lgbt...
2026-02-18 23:00:58,711 - views_counter - WARNING -   -> HTTP 404
2026-02-18 23:00:59,212 - views_counter - INFO - Checking hongik_military_lgbt...
2026-02-18 23:01:00,667 - views_counter - WARNING -   -> HTTP 404
2026-02-18 23:01:01,168 - views_counter - INFO - Checking hanyang_military_lgbt...
2026-02-18 23:01:02,490 - views_counter - WARNING -   -> HTTP 404
2026-02-18 23:01:02,991 - views_counter - INFO - Checking ewha_military_lgbt...
2026-02-18 23:01:04,468 - views_counter - WARNING -   -> HTTP 404
2026-02-18 23:01:04,969 - views_counter - INFO - Checking konkuk_military_lgbt...
2026-02-18 23:01:06,459 - views_counter - WARNING -   -> HTTP 404
2026-02-18 23:01:06,960 - views_counter - INFO - Checking sungshin_womens_military_lgbt...
2026-02-18 23:01:08,444 - views_counter - WARNING -   -> HTTP 404
2026-02-18 23:01:08,945 - views_counter - INFO - Checking sookmyung_womens_military_lgbt...
2026-02-18 23:01:10,435 - views_counter - WARNING -   -> HTTP 404
2026-02-18 23:01:10,936 - views_counter - INFO - Checking suwon_womens_uni_military_lgbt...
2026-02-18 23:01:12,544 - views_counter - WARNING -   -> HTTP 404
2026-02-18 23:01:13,045 - views_counter - INFO - Checking r-pusan...
2026-02-18 23:01:14,683 - views_counter - WARNING -   -> HTTP 404
2026-02-18 23:01:15,185 - views_counter - INFO - Checking r-dong_a...
2026-02-18 23:01:16,669 - views_counter - WARNING -   -> HTTP 404
2026-02-18 23:01:17,170 - views_counter - INFO - Checking r-bukyeong...
2026-02-18 23:01:18,984 - views_counter - WARNING -   -> HTTP 404
2026-02-18 23:01:19,485 - views_counter - INFO - Checking r-busan_foreign...
2026-02-18 23:01:22,264 - views_counter - INFO - Checking r-inje...
2026-02-18 23:01:24,801 - views_counter - INFO - Checking r-gyeongsang_nat...
2026-02-18 23:01:26,670 - views_counter - WARNING -   -> HTTP 404
2026-02-18 23:01:27,171 - views_counter - INFO - Checking r-changwon...
2026-02-18 23:01:28,811 - views_counter - WARNING -   -> HTTP 404
2026-02-18 23:01:29,312 - views_counter - INFO - Checking r-chungnam_nat...
2026-02-18 23:01:31,929 - views_counter - INFO - Checking r-kaist...
2026-02-18 23:01:33,525 - views_counter - WARNING -   -> HTTP 404
2026-02-18 23:01:34,026 - views_counter - INFO - Checking r-chungbuk_nat...
2026-02-18 23:01:36,687 - views_counter - INFO - Checking r-paichai...
2026-02-18 23:01:38,345 - views_counter - WARNING -   -> HTTP 404
2026-02-18 23:01:38,846 - views_counter - INFO - Checking r-jeonbuk_nat...
2026-02-18 23:01:40,496 - views_counter - WARNING -   -> HTTP 404
2026-02-18 23:01:40,997 - views_counter - INFO - Checking r-kyungpook...
2026-02-18 23:01:43,567 - views_counter - INFO - Checking r-keimyung...
2026-02-18 23:01:45,102 - views_counter - WARNING -   -> HTTP 404
2026-02-18 23:01:45,603 - views_counter - INFO - Checking r-yeungnam...
2026-02-18 23:01:47,232 - views_counter - WARNING -   -> HTTP 404
2026-02-18 23:01:47,734 - views_counter - INFO - Checking r-daegu...
2026-02-18 23:01:49,216 - views_counter - WARNING -   -> HTTP 404
2026-02-18 23:01:49,717 - views_counter - INFO - Checking r-andong...
2026-02-18 23:01:52,351 - views_counter - INFO - Checking r-chonnam...
2026-02-18 23:01:53,825 - views_counter - WARNING -   -> HTTP 404
2026-02-18 23:01:54,326 - views_counter - INFO - Checking r-chosun...
2026-02-18 23:01:56,961 - views_counter - INFO - Checking r-honam...
2026-02-18 23:01:59,821 - views_counter - INFO - Checking r-inha...
2026-02-18 23:02:01,375 - views_counter - WARNING -   -> HTTP 404
2026-02-18 23:02:01,876 - views_counter - INFO - Checking r-incheon...
2026-02-18 23:02:03,335 - views_counter - WARNING -   -> HTTP 404
2026-02-18 23:02:03,836 - views_counter - INFO - Checking r-ajou...
2026-02-18 23:02:05,368 - views_counter - WARNING -   -> HTTP 404
2026-02-18 23:02:05,869 - views_counter - INFO - Checking r-dankook...
2026-02-18 23:02:07,410 - views_counter - WARNING -   -> HTTP 404
2026-02-18 23:02:07,912 - views_counter - INFO - Checking r-gachon...
2026-02-18 23:02:10,684 - views_counter - INFO - Checking r-kyonggi...
2026-02-18 23:02:11,967 - views_counter - WARNING -   -> HTTP 404
2026-02-18 23:02:12,468 - views_counter - INFO - Checking r-kangwon...
2026-02-18 23:02:15,200 - views_counter - INFO - Checking r-hallym...
2026-02-18 23:02:16,647 - views_counter - WARNING -   -> HTTP 404
2026-02-18 23:02:17,149 - views_counter - INFO - Checking r-jeju...
2026-02-18 23:02:18,785 - views_counter - WARNING -   -> HTTP 404
2026-02-18 23:02:19,286 - views_counter - INFO - Checking sejong_fraud...
2026-02-18 23:02:20,731 - views_counter - WARNING -   -> HTTP 404
2026-02-18 23:02:21,232 - views_counter - INFO - Checking seoul_municipal_fraud...
2026-02-18 23:02:22,676 - views_counter - WARNING -   -> HTTP 404
2026-02-18 23:02:23,177 - views_counter - INFO - Checking dongguk_fraud...
2026-02-18 23:02:25,824 - views_counter - INFO - Checking hongik_fraud...
2026-02-18 23:02:27,346 - views_counter - WARNING -   -> HTTP 404
2026-02-18 23:02:27,848 - views_counter - INFO - Checking chungang_fraud...
2026-02-18 23:02:29,288 - views_counter - WARNING -   -> HTTP 404
2026-02-18 23:02:29,790 - views_counter - INFO - Checking konkuk_fraud...
2026-02-18 23:02:40,251 - views_counter - ERROR -   -> Error: HTTPSConnectionPool(host='gall.dcinside.com', port=443): Read timed out. (read timeout=10)
2026-02-18 23:02:40,752 - views_counter - INFO - Checking seoul_national_fraud...
2026-02-18 23:02:42,209 - views_counter - WARNING -   -> HTTP 404
2026-02-18 23:02:42,710 - views_counter - INFO - Checking korea_fraud...
2026-02-18 23:02:44,360 - views_counter - WARNING -   -> HTTP 404
2026-02-18 23:02:44,861 - views_counter - INFO - Checking yonsei_fraud...
2026-02-18 23:02:46,335 - views_counter - WARNING -   -> HTTP 404
2026-02-18 23:02:46,836 - views_counter - INFO - Checking duksung_fraud...
2026-02-18 23:02:48,061 - views_counter - WARNING -   -> HTTP 404
2026-02-18 23:02:48,562 - views_counter - INFO - Checking sookmyung_womens_fraud...
2026-02-18 23:02:49,915 - views_counter - WARNING -   -> HTTP 404
2026-02-18 23:02:50,416 - views_counter - INFO - Checking seoul_womens_uni_fraud_1...
2026-02-18 23:02:53,074 - views_counter - INFO - Checking university_students_fraud...
2026-02-18 23:02:55,745 - views_counter - INFO - Checking hufs_fraud...
2026-02-18 23:02:57,363 - views_counter - WARNING -   -> HTTP 404
2026-02-18 23:02:57,864 - views_counter - INFO - Checking seoul_womens_uni_fraud_2...
2026-02-18 23:02:59,380 - views_counter - WARNING -   -> HTTP 404
2026-02-18 23:02:59,881 - views_counter - INFO - Checking ewha_fraud...
2026-02-18 23:03:01,117 - views_counter - WARNING -   -> HTTP 404
2026-02-18 23:03:01,618 - views_counter - INFO - Checking kyunghee_fraud...
2026-02-18 23:03:03,130 - views_counter - WARNING -   -> HTTP 404
2026-02-18 23:03:03,632 - views_counter - INFO - Checking hanyang_fraud...
2026-02-18 23:03:05,068 - views_counter - WARNING -   -> HTTP 404
2026-02-18 23:03:05,569 - views_counter - INFO - Checking sungyunkwan_fraud...
2026-02-18 23:03:07,006 - views_counter - WARNING -   -> HTTP 404
2026-02-18 23:03:07,507 - views_counter - INFO - Checking sungshin_womens_fraud...
2026-02-18 23:03:08,963 - views_counter - WARNING -   -> HTTP 404
2026-02-18 23:03:09,464 - views_counter - INFO - Checking sogang_fraud...
2026-02-18 23:03:12,192 - views_counter - INFO - Checking dongdeok_womens_fraud...
2026-02-18 23:03:13,420 - views_counter - WARNING -   -> HTTP 404
2026-02-18 23:03:13,920 - views_counter - INFO - Checking k_arts_fraud...
2026-02-18 23:03:15,451 - views_counter - WARNING -   -> HTTP 404
2026-02-18 23:03:15,952 - views_counter - INFO - Checking hufs_hrw...
2026-02-18 23:03:17,416 - views_counter - WARNING -   -> HTTP 404
2026-02-18 23:03:17,917 - views_counter - INFO - Checking dongdeok_womens_hrw...
2026-02-18 23:03:19,209 - views_counter - WARNING -   -> HTTP 404
2026-02-18 23:03:19,710 - views_counter - INFO - Checking seoul_national_hrw...
2026-02-18 23:03:21,154 - views_counter - WARNING -   -> HTTP 404
2026-02-18 23:03:21,655 - views_counter - INFO - Checking r-dankook_hrw...
2026-02-18 23:03:23,201 - views_counter - WARNING -   -> HTTP 404
2026-02-18 23:03:23,702 - views_counter - INFO - Checking r-gachon_hrw...
2026-02-18 23:03:26,444 - views_counter - INFO - Checking r-busan_foreign_hrw...
2026-02-18 23:03:29,211 - views_counter - INFO - Checking r-inje_hrw...
2026-02-18 23:03:32,138 - views_counter - INFO - Checking r-gyeongsang_nat_hrw...
2026-02-18 23:03:33,665 - views_counter - WARNING -   -> HTTP 404
2026-02-18 23:03:34,166 - views_counter - INFO - Checking r-changwon_hrw...
2026-02-18 23:03:35,703 - views_counter - WARNING -   -> HTTP 404
2026-02-18 23:03:36,204 - views_counter - INFO - Checking r-chungnam_nat_hrw...
2026-02-18 23:03:38,811 - views_counter - INFO - Checking r-kaist_hrw...
2026-02-18 23:03:40,280 - views_counter - WARNING -   -> HTTP 404
2026-02-18 23:03:40,781 - views_counter - INFO - Checking r-paichai_hrw...
2026-02-18 23:03:42,252 - views_counter - WARNING -   -> HTTP 404
2026-02-18 23:03:42,753 - views_counter - INFO - Checking r-jeonbuk_nat_hrw...
2026-02-18 23:03:44,398 - views_counter - WARNING -   -> HTTP 404
2026-02-18 23:03:44,899 - views_counter - INFO - Checking r-kyungpook_hrw...
2026-02-18 23:03:47,641 - views_counter - INFO - Checking r-keimyung_hrw...
2026-02-18 23:03:49,203 - views_counter - WARNING -   -> HTTP 404
2026-02-18 23:03:49,703 - views_counter - INFO - Checking r-yeungnam_hrw...
2026-02-18 23:03:51,353 - views_counter - WARNING -   -> HTTP 404
2026-02-18 23:03:51,854 - views_counter - INFO - Checking r-daegu_hrw...
2026-02-18 23:03:53,504 - views_counter - WARNING -   -> HTTP 404
2026-02-18 23:03:54,005 - views_counter - INFO - Checking r-kyonggi_hrw...
2026-02-18 23:03:55,454 - views_counter - WARNING -   -> HTTP 404
2026-02-18 23:03:55,955 - views_counter - INFO - Checking duksung_hrw...
2026-02-18 23:03:57,512 - views_counter - WARNING -   -> HTTP 404
2026-02-18 23:03:58,013 - views_counter - INFO - Checking r-chonnam_hrw...
2026-02-18 23:03:59,478 - views_counter - WARNING -   -> HTTP 404
2026-02-18 23:03:59,979 - views_counter - INFO - Checking r-chosun_hrw...
2026-02-18 23:04:01,453 - views_counter - WARNING -   -> HTTP 404
2026-02-18 23:04:01,954 - views_counter - INFO - Checking r-incheon_hrw...
2026-02-18 23:04:03,447 - views_counter - WARNING -   -> HTTP 404
2026-02-18 23:04:03,948 - views_counter - INFO - Checking r-ajou_hrw...
2026-02-18 23:04:05,182 - views_counter - WARNING -   -> HTTP 404
2026-02-18 23:04:05,683 - views_counter - INFO - Checking r-hallym_hrw...
2026-02-18 23:04:07,187 - views_counter - WARNING -   -> HTTP 404
2026-02-18 23:04:07,688 - views_counter - INFO - Checking korea_hrw...
2026-02-18 23:04:09,190 - views_counter - WARNING -   -> HTTP 404
2026-02-18 23:04:09,690 - views_counter - INFO - Checking seoul_womens_uni_hrw...
2026-02-18 23:04:11,173 - views_counter - WARNING -   -> HTTP 404
2026-02-18 23:04:11,674 - views_counter - INFO - Checking r-pusan_hrw...
2026-02-18 23:04:13,133 - views_counter - WARNING -   -> HTTP 404
2026-02-18 23:04:13,633 - views_counter - INFO - Checking r-andong_hrw...
2026-02-18 23:04:16,307 - views_counter - INFO - Checking dongguk_hrw...
2026-02-18 23:04:19,084 - views_counter - INFO - Checking yonsei_hrw...
2026-02-18 23:04:20,533 - views_counter - WARNING -   -> HTTP 404
2026-02-18 23:04:21,034 - views_counter - INFO - Checking chungang_hrw...
2026-02-18 23:04:22,797 - views_counter - WARNING -   -> HTTP 404
2026-02-18 23:04:23,298 - views_counter - INFO - Checking hongik_hrw...
2026-02-18 23:04:24,741 - views_counter - WARNING -   -> HTTP 404
2026-02-18 23:04:25,242 - views_counter - INFO - Checking hanyang_hrw...
2026-02-18 23:04:26,783 - views_counter - WARNING -   -> HTTP 404
2026-02-18 23:04:27,283 - views_counter - INFO - Checking ewha_hrw...
2026-02-18 23:04:28,841 - views_counter - WARNING -   -> HTTP 404
2026-02-18 23:04:29,342 - views_counter - INFO - Checking r-kangwon_hrw...
2026-02-18 23:04:32,167 - views_counter - INFO - Checking r-jeju_hrw...
2026-02-18 23:04:33,642 - views_counter - WARNING -   -> HTTP 404
2026-02-18 23:04:34,143 - views_counter - INFO - Checking university_students_hrw...
2026-02-18 23:04:36,893 - views_counter - INFO - Checking sungshin_womens_hrw...
2026-02-18 23:04:38,450 - views_counter - WARNING -   -> HTTP 404
2026-02-18 23:04:38,950 - views_counter - INFO - Checking sejong_hrw...
2026-02-18 23:04:40,400 - views_counter - WARNING -   -> HTTP 404
2026-02-18 23:04:40,901 - views_counter - INFO - Checking sogang_hrw...
2026-02-18 23:04:43,503 - views_counter - INFO - Checking kyunghee_hrw...
2026-02-18 23:04:44,982 - views_counter - WARNING -   -> HTTP 404
2026-02-18 23:04:45,482 - views_counter - INFO - Checking sookmyung_womens_hrw...
2026-02-18 23:04:47,066 - views_counter - WARNING -   -> HTTP 404
2026-02-18 23:04:47,567 - views_counter - INFO - Checking seoul_municipal_hrw...
2026-02-18 23:04:49,046 - views_counter - WARNING -   -> HTTP 404
2026-02-18 23:04:49,547 - views_counter - INFO - Checking feminism_hrw...
2026-02-18 23:04:52,300 - views_counter - INFO - Checking konkuk_hrw...
2026-02-18 23:04:53,755 - views_counter - WARNING -   -> HTTP 404
2026-02-18 23:04:54,256 - views_counter - INFO - Checking r-bukyeong_hrw...
2026-02-18 23:04:55,769 - views_counter - WARNING -   -> HTTP 404
2026-02-18 23:04:56,270 - views_counter - INFO - Checking r-honam_hrw...
2026-02-18 23:04:58,834 - views_counter - INFO - Checking sungyunkwan_hrw...
2026-02-18 23:05:00,282 - views_counter - WARNING -   -> HTTP 404
2026-02-18 23:05:00,783 - views_counter - INFO - Checking r-dong_a_hrw...
2026-02-18 23:05:02,332 - views_counter - WARNING -   -> HTTP 404
2026-02-18 23:05:02,833 - views_counter - INFO - Checking k_arts_hrw...
2026-02-18 23:05:04,472 - views_counter - WARNING -   -> HTTP 404
2026-02-18 23:05:04,973 - views_counter - INFO - Checking k_arts_warning_custom...
2026-02-18 23:05:06,373 - views_counter - WARNING -   -> HTTP 404
2026-02-18 23:05:06,874 - views_counter - INFO - Checking dongguk_ubc_fraud...
2026-02-18 23:05:09,529 - views_counter - INFO - Checking dongguk_cdn_emb...
2026-02-18 23:05:10,755 - views_counter - WARNING -   -> HTTP 404
2026-02-18 23:05:11,256 - views_counter - INFO - Checking donggu_ubc_foi...
2026-02-18 23:05:13,987 - views_counter - INFO - Checking dongguk_soton_fraud...
2026-02-18 23:05:16,763 - views_counter - INFO - Checking dongguk_tsinghua_warning...
2026-02-18 23:05:19,414 - views_counter - INFO - Checking dongguk_bfsu_fraud...
2026-02-18 23:05:22,021 - views_counter - INFO - Checking dongguk_hit_fraud...
2026-02-18 23:05:24,625 - views_counter - INFO - Checking dongguk_peking_fraud...
2026-02-18 23:05:27,212 - views_counter - INFO - Checking dongguk_china_4_frauds...
2026-02-18 23:05:30,018 - views_counter - INFO - Checking dongguk_oceania_6_frauds...
2026-02-18 23:05:31,500 - views_counter - WARNING -   -> HTTP 404
2026-02-18 23:05:32,001 - views_counter - INFO - Checking dongguk_30_frauds...
2026-02-18 23:05:34,628 - views_counter - INFO - Checking dongguk_aacsb_warning...
2026-02-18 23:05:37,224 - views_counter - INFO - Checking dongguk_soton_safety_breach...
2026-02-18 23:05:39,859 - views_counter - INFO - Checking dongguk_scrubbing_fail...
2026-02-18 23:05:41,322 - views_counter - WARNING -   -> HTTP 404
2026-02-18 23:05:41,823 - views_counter - INFO - Checking dongguk_zero_canada...
2026-02-18 23:05:44,643 - views_counter - INFO - Checking seoul_national_fake_partners...
2026-02-18 23:05:45,923 - views_counter - WARNING -   -> HTTP 404
2026-02-18 23:05:46,430 - views_counter - INFO - Update complete.
